MPASM 5.62                    DATALOGGER.ASM   10-10-2015  21:03:29         PAGE  1


LOC  OBJECT CODE     LINE SOURCE TEXT
  VALUE

                      00001 ;*******************************************************************************
                      00002 ;                                                                              *
                      00003 ;    Filename:                                                                 *
                      00004 ;    Date:                                                                     *
                      00005 ;    File Version:                                                             *
                      00006 ;    Author:                                                                   *
                      00007 ;    Company:                                                                  *
                      00008 ;    Description:                                                              *
                      00009 ;    Pin config: RC0-8<out>=LCD dataout                                        *
                      00010 ;                RB4<out>  =LCD RS                                             *    
                      00011 ;                RB5<out>  =LCD R/W                                            *    
                      00012 ;                RB6<out>  =LCD E                                              *    
                      00013 ;*******************************************************************************
                      00014 #include "p16F690.inc"
                      00001         LIST
                      00002 
                      00003 ;==========================================================================
                      00004 ; Build date : Apr 06 2015
                      00005 ;  MPASM PIC16F690 processor include
                      00006 ; 
                      00007 ;  (c) Copyright 1999-2015 Microchip Technology, All rights reserved
                      00008 ;==========================================================================
                      00009 
                      00757         LIST
                      00015 
                      00016 ; CONFIG
                      00017 ; __config 0xFFF7
2007   3FF7           00018  __CONFIG _FOSC_EXTRCCLK & _WDTE_OFF & _PWRTE_OFF & _MCLRE_ON & _CP_OFF & _CPD_OFF & _BOREN_ON & _IESO_O
                            N & _FCMEN_ON
                      00019 
                      00020 variables udata
0000                  00021 CUR_EEADR   res 1           ;stores value of last written EEADR
0001                  00022 CUR_TEMPERATURE res 1       ;stores temperature we are currently working with
0002                  00023 CUR_HUMIDITY    res 1       ;stores humidity we are currently working with
0003                  00024 CUR_TIME_L  res 1           ;stores minutes we are currently working with
0004                  00025 CUR_TIME_H  res 1           ;stores hours we are currently working with
0005                  00026 LOG_COUNT   res 1           ;number of logs we have in memory (63 max)
0006                  00027 STATE   res 1               ;state register
0007                  00028 LCD_BUFFER res 1            ;stores whatever we want to put on the LCD right now
                      00029 ;-------x                   ;mode bit 1=playback 0=display
                      00030 ;------x-                   ;button_up state 0=released 1=pressed
                      00031 ;-----x--                   ;button_up state 0=released 1=pressed
0008                  00032 D1  res 1                   ;delay register 1
0009                  00033 D2  res 1                   ;delay resgiter 2
                      00034 RES_VECT  CODE    0x0000            ; processor reset vector
0000   2???           00035     GOTO    SETUP                   ; go to beginning of program
                      00036 
                      00037 ;*******************************************************************************
                      00038 ; MACROS
                      00039 ;*******************************************************************************
                      00040 
                      00041 ;-------------------------------------------------------------------------------    
                      00042 delay_10_ms macro
MPASM 5.62                    DATALOGGER.ASM   10-10-2015  21:03:29         PAGE  2


LOC  OBJECT CODE     LINE SOURCE TEXT
  VALUE

                      00043     ;goto=2 cyles, decfsz=1 cycle, if zero=2 cycles
                      00044     MOVLW .40
                      00045     MOVWF D2
                      00046 
                      00047 ;if innerloopnumber=82, total cycles=10082, which is close enough to 10ms
                      00048     MOVLW .83   ;approx 1/4 ms
                      00049     MOVWF D1    
                      00050     
                      00051     DECFSZ D1,F ;count until D1=0
                      00052     GOTO $-1    ;keep counting down until
                      00053     DECFSZ D2,F ;D1=0, so count down D2, and reset D1 until D2=0
                      00054     GOTO $-4    ;reset D1
                      00055     ENDM
                      00056 ;-------------------------------------------------------------------------------
                      00057     
                      00058 ;###END#OF#MACROS###
                      00059     
                      00060 ;*******************************************************************************
                      00061 ; MAIN PROGRAM
                      00062 ;*******************************************************************************
                      00063 
                      00064 MAIN_PROG CODE                      ; let linker place main program
0000                  00065 SETUP
                      00066  
                      00067 ;-------------------------------------------------------------------------------
                      00068 ;LCD setup
                      00069 ;-------------------------------------------------------------------------------
                      00070 ;    Pin config: RC0-8<out>=LCD dataout                                        
                      00071 ;                RB4<out>  =LCD RS                                                 
                      00072 ;                RB5<out>  =LCD R/W                                                
                      00073 ;                RB6<out>  =LCD E                                              
                      00074 
                      00075 ;wait 50ms for the LCD to initalize
0000   0000           00076     nop
                      00077     delay_10_ms
                          M     ;goto=2 cyles, decfsz=1 cycle, if zero=2 cycles
0001   3028               M     MOVLW .40
0002   00??               M     MOVWF D2
                          M 
                          M ;if innerloopnumber=82, total cycles=10082, which is close enough to 10ms
0003   3053               M     MOVLW .83   ;approx 1/4 ms
0004   00??               M     MOVWF D1    
                          M     
0005   0B??               M     DECFSZ D1,F ;count until D1=0
0006   2???               M     GOTO $-1    ;keep counting down until
0007   0B??               M     DECFSZ D2,F ;D1=0, so count down D2, and reset D1 until D2=0
0008   2???               M     GOTO $-4    ;reset D1
                      00078     delay_10_ms
                          M     ;goto=2 cyles, decfsz=1 cycle, if zero=2 cycles
0009   3028               M     MOVLW .40
000A   00??               M     MOVWF D2
                          M 
                          M ;if innerloopnumber=82, total cycles=10082, which is close enough to 10ms
MPASM 5.62                    DATALOGGER.ASM   10-10-2015  21:03:29         PAGE  3


LOC  OBJECT CODE     LINE SOURCE TEXT
  VALUE

000B   3053               M     MOVLW .83   ;approx 1/4 ms
000C   00??               M     MOVWF D1    
                          M     
000D   0B??               M     DECFSZ D1,F ;count until D1=0
000E   2???               M     GOTO $-1    ;keep counting down until
000F   0B??               M     DECFSZ D2,F ;D1=0, so count down D2, and reset D1 until D2=0
0010   2???               M     GOTO $-4    ;reset D1
                      00079     delay_10_ms
                          M     ;goto=2 cyles, decfsz=1 cycle, if zero=2 cycles
0011   3028               M     MOVLW .40
0012   00??               M     MOVWF D2
                          M 
                          M ;if innerloopnumber=82, total cycles=10082, which is close enough to 10ms
0013   3053               M     MOVLW .83   ;approx 1/4 ms
0014   00??               M     MOVWF D1    
                          M     
0015   0B??               M     DECFSZ D1,F ;count until D1=0
0016   2???               M     GOTO $-1    ;keep counting down until
0017   0B??               M     DECFSZ D2,F ;D1=0, so count down D2, and reset D1 until D2=0
0018   2???               M     GOTO $-4    ;reset D1
                      00080     delay_10_ms
                          M     ;goto=2 cyles, decfsz=1 cycle, if zero=2 cycles
0019   3028               M     MOVLW .40
001A   00??               M     MOVWF D2
                          M 
                          M ;if innerloopnumber=82, total cycles=10082, which is close enough to 10ms
001B   3053               M     MOVLW .83   ;approx 1/4 ms
001C   00??               M     MOVWF D1    
                          M     
001D   0B??               M     DECFSZ D1,F ;count until D1=0
001E   2???               M     GOTO $-1    ;keep counting down until
001F   0B??               M     DECFSZ D2,F ;D1=0, so count down D2, and reset D1 until D2=0
0020   2???               M     GOTO $-4    ;reset D1
                      00081     delay_10_ms
                          M     ;goto=2 cyles, decfsz=1 cycle, if zero=2 cycles
0021   3028               M     MOVLW .40
0022   00??               M     MOVWF D2
                          M 
                          M ;if innerloopnumber=82, total cycles=10082, which is close enough to 10ms
0023   3053               M     MOVLW .83   ;approx 1/4 ms
0024   00??               M     MOVWF D1    
                          M     
0025   0B??               M     DECFSZ D1,F ;count until D1=0
0026   2???               M     GOTO $-1    ;keep counting down until
0027   0B??               M     DECFSZ D2,F ;D1=0, so count down D2, and reset D1 until D2=0
0028   2???               M     GOTO $-4    ;reset D1
                      00082     
0029   1683 1303      00083     BANKSEL TRISC
Message[302]: Register in operand not in bank 0.  Ensure that bank bits are correct.
002B   0187           00084     CLRF TRISC                      ;set PORTC as output
002C   1683 1303      00085     BANKSEL TRISB
Message[302]: Register in operand not in bank 0.  Ensure that bank bits are correct.
002E   0186           00086     CLRF TRISB                      ;set PORTB as output
MPASM 5.62                    DATALOGGER.ASM   10-10-2015  21:03:29         PAGE  4


LOC  OBJECT CODE     LINE SOURCE TEXT
  VALUE

                      00087  
002F   1283 1303      00088     BANKSEL PORTC
0031   1286           00089     BCF PORTB,5                     ;set LCD to write mode
0032   1206           00090     BCF PORTB,4                     ;set LCD to command mode
0033   3004           00091     MOVLW b'0000100'                ;00001DBC Display=on Blinking=off Cursor=off
0034   1706           00092     BSF PORTB,6                     ;toggle the enable bit with a delay
0035   0000           00093     nop
0036   1306           00094     BCF PORTB,6
0037   3038           00095     MOVLW b'00111000'               ;001DNFxx D(8bit)=1 N(2line)=1 F(5x11 or 5x8)=0
0038   1706           00096     BSF PORTB,6                     ;toggle the enable bit with a delay
0039   0000           00097     nop
003A   1306           00098     BCF PORTB,6
                      00099 ;-------------------------------------------------------------------------------
                      00100  
                      00101  ;=============ADC config================
                      00102     ;most code here is based on the datasheet's example code
003B   1683 1303      00103     BANKSEL ADCON1
003D   3038           00104     MOVLW b'0111000'                    ;configure conversion speed
Message[302]: Register in operand not in bank 0.  Ensure that bank bits are correct.
003E   009F           00105     MOVWF ADCON1
                      00106     
                      00107 ;==================END=ADC=config======== 
                      00108  
                      00109     ;delay by 50ms for the LCD to initialize
                      00110     
                      00111     
003F                  00112 START
003F   3061           00113     MOVLW .97
0040   00??           00114     MOVWF LCD_BUFFER
0041   2???           00115     CALL lcd.write
                      00116    
                      00117 ;    CALL SampleData
                      00118 ;    BTFSS STATE,0                  ; are we in playback mode
                      00119     ;delay by 10ms
0042   2???           00120     GOTO START
                      00121 
                      00122 
                      00123 ;*******************************************************************************
                      00124 ; EEPROM.write 
                      00125 ;*******************************************************************************
0043                  00126 eeprom.write
0043   138B           00127     BCF INTCON, GIE ;disable interrupts
                      00128     ;EEDATA structure:
                      00129     ;0->251 =   log
                      00130     ;           252=CUR_EEADR  address accessed
                      00131     ;           253=LOG_COUNT  number of entries in storage (max=63)
                      00132     
                      00133 ;store temperature
0044   1283 1303      00134     BANKSEL 0x00    ;move to bank0
0046   0A??           00135     INCF CUR_EEADR,F
                      00136     
                      00137     ;check here if the value is 252, if 252, reset to 0
0047   30FC           00138     MOVLW .252
MPASM 5.62                    DATALOGGER.ASM   10-10-2015  21:03:29         PAGE  5


LOC  OBJECT CODE     LINE SOURCE TEXT
  VALUE

0048   02??           00139     SUBWF CUR_EEADR,W
0049   1903           00140     BTFSC STATUS,Z  ;if Z=set (CUR_EEADR=252) then set CUR_EEADR to 0
004A   01??           00141     CLRF CUR_EEADR  ;set CUR_EEADR=0
                      00142     
004B   08??           00143     MOVFW CUR_EEADR ;move CUR_EEADR into W
004C   1283 1703      00144     BANKSEL EEADR
Message[302]: Register in operand not in bank 0.  Ensure that bank bits are correct.
004E   008D           00145     MOVWF EEADR     ;move W into EEADR
004F   1283 1303      00146     BANKSEL PORTC
0051   08??           00147     MOVFW CUR_TEMPERATURE
0052   1283 1703      00148     BANKSEL EEDAT
Message[302]: Register in operand not in bank 0.  Ensure that bank bits are correct.
0054   008C           00149     MOVWF EEDAT     ;move our data into EEDAT
0055   1683 1703      00150     BANKSEL EECON1
Message[302]: Register in operand not in bank 0.  Ensure that bank bits are correct.
0057   138C           00151     BCF EECON1, EEPGD;data memory
Message[302]: Register in operand not in bank 0.  Ensure that bank bits are correct.
0058   150C           00152     BSF EECON1, WREN;enable writes
                      00153     
0059   3055           00154     MOVLW 0x55
Message[302]: Register in operand not in bank 0.  Ensure that bank bits are correct.
005A   008D           00155     MOVWF EECON2    ;write 0x55 to EECON2
005B   30AA           00156     MOVLW 0xAA
Message[302]: Register in operand not in bank 0.  Ensure that bank bits are correct.
005C   008D           00157     MOVWF EECON2    ;write 0xAA to EECON2
Message[302]: Register in operand not in bank 0.  Ensure that bank bits are correct.
005D   148C           00158     BSF EECON1,WR   ;begin write
                      00159     
Message[302]: Register in operand not in bank 0.  Ensure that bank bits are correct.
005E   188C           00160     BTFSC EECON1,WR ;check for end of write
005F   2???           00161     GOTO $-1        ;loop until clear(Write complete)
Message[302]: Register in operand not in bank 0.  Ensure that bank bits are correct.
0060   110C           00162     BCF EECON1, WREN;disable writes
0061   1283 1303      00163     BANKSEL 0x00    ;move back to bank0
                      00164     
                      00165     
                      00166     
                      00167 ;store humidity
0063   0A??           00168     INCF CUR_EEADR,F
0064   08??           00169     MOVFW CUR_EEADR ;get next location to store value in
0065   1283 1703      00170     BANKSEL EEADR
Message[302]: Register in operand not in bank 0.  Ensure that bank bits are correct.
0067   008D           00171     MOVWF EEADR     ;move W into EEADR
0068   1283 1303      00172     BANKSEL PORTC
006A   08??           00173     MOVFW CUR_HUMIDITY
006B   1283 1703      00174     BANKSEL EEDAT
Message[302]: Register in operand not in bank 0.  Ensure that bank bits are correct.
006D   008C           00175     MOVWF EEDAT     ;move our data into EEDAT
006E   1683 1703      00176     BANKSEL EECON1
Message[302]: Register in operand not in bank 0.  Ensure that bank bits are correct.
0070   138C           00177     BCF EECON1, EEPGD;data memory
Message[302]: Register in operand not in bank 0.  Ensure that bank bits are correct.
0071   150C           00178     BSF EECON1, WREN;enable writes
MPASM 5.62                    DATALOGGER.ASM   10-10-2015  21:03:29         PAGE  6


LOC  OBJECT CODE     LINE SOURCE TEXT
  VALUE

                      00179     
0072   3055           00180     MOVLW 0x55
Message[302]: Register in operand not in bank 0.  Ensure that bank bits are correct.
0073   008D           00181     MOVWF EECON2    ;write 0x55 to EECON2
0074   30AA           00182     MOVLW 0xAA
Message[302]: Register in operand not in bank 0.  Ensure that bank bits are correct.
0075   008D           00183     MOVWF EECON2    ;write 0xAA to EECON2
Message[302]: Register in operand not in bank 0.  Ensure that bank bits are correct.
0076   148C           00184     BSF EECON1,WR   ;begin write
                      00185     
Message[302]: Register in operand not in bank 0.  Ensure that bank bits are correct.
0077   188C           00186     BTFSC EECON1,WR ;check for end of write
0078   2???           00187     GOTO $-1        ;loop until clear(Write complete)
Message[302]: Register in operand not in bank 0.  Ensure that bank bits are correct.
0079   110C           00188     BCF EECON1, WREN;disable writes
007A   1283 1303      00189     BANKSEL 0x00    ;move back to bank0
                      00190     
                      00191     
                      00192     
                      00193 ;store minutes
007C   0A??           00194     INCF CUR_EEADR,F
007D   08??           00195     MOVFW CUR_EEADR ;get next location to store value in
007E   1283 1703      00196     BANKSEL EEADR
Message[302]: Register in operand not in bank 0.  Ensure that bank bits are correct.
0080   008D           00197     MOVWF EEADR     ;move W into EEADR
0081   1283 1303      00198     BANKSEL PORTC
0083   08??           00199     MOVFW CUR_TIME_L
0084   1283 1703      00200     BANKSEL EEDAT
Message[302]: Register in operand not in bank 0.  Ensure that bank bits are correct.
0086   008C           00201     MOVWF EEDAT     ;move our data into EEDAT
0087   1683 1703      00202     BANKSEL EECON1
Message[302]: Register in operand not in bank 0.  Ensure that bank bits are correct.
0089   138C           00203     BCF EECON1, EEPGD;data memory
Message[302]: Register in operand not in bank 0.  Ensure that bank bits are correct.
008A   150C           00204     BSF EECON1, WREN;enable writes
                      00205     
008B   3055           00206     MOVLW 0x55
Message[302]: Register in operand not in bank 0.  Ensure that bank bits are correct.
008C   008D           00207     MOVWF EECON2    ;write 0x55 to EECON2
008D   30AA           00208     MOVLW 0xAA
Message[302]: Register in operand not in bank 0.  Ensure that bank bits are correct.
008E   008D           00209     MOVWF EECON2    ;write 0xAA to EECON2
Message[302]: Register in operand not in bank 0.  Ensure that bank bits are correct.
008F   148C           00210     BSF EECON1,WR   ;begin write
                      00211     
Message[302]: Register in operand not in bank 0.  Ensure that bank bits are correct.
0090   188C           00212     BTFSC EECON1,WR ;check for end of write
0091   2???           00213     GOTO $-1        ;loop until clear(Write complete)
Message[302]: Register in operand not in bank 0.  Ensure that bank bits are correct.
0092   110C           00214     BCF EECON1, WREN;disable writes
0093   1283 1303      00215     BANKSEL 0x00    ;move back to bank0
                      00216 
                      00217 
MPASM 5.62                    DATALOGGER.ASM   10-10-2015  21:03:29         PAGE  7


LOC  OBJECT CODE     LINE SOURCE TEXT
  VALUE

                      00218     
                      00219 ;store hours
0095   0A??           00220     INCF CUR_EEADR,F
0096   08??           00221     MOVFW CUR_EEADR ;get next location to store value in
0097   1283 1703      00222     BANKSEL EEADR
Message[302]: Register in operand not in bank 0.  Ensure that bank bits are correct.
0099   008D           00223     MOVWF EEADR     ;move W into EEADR
009A   1283 1303      00224     BANKSEL PORTC
009C   08??           00225     MOVFW CUR_TIME_H
009D   1283 1703      00226     BANKSEL EEDAT
Message[302]: Register in operand not in bank 0.  Ensure that bank bits are correct.
009F   008C           00227     MOVWF EEDAT     ;move our data into EEDAT
00A0   1683 1703      00228     BANKSEL EECON1
Message[302]: Register in operand not in bank 0.  Ensure that bank bits are correct.
00A2   138C           00229     BCF EECON1, EEPGD;data memory
Message[302]: Register in operand not in bank 0.  Ensure that bank bits are correct.
00A3   150C           00230     BSF EECON1, WREN;enable writes
                      00231     
00A4   3055           00232     MOVLW 0x55
Message[302]: Register in operand not in bank 0.  Ensure that bank bits are correct.
00A5   008D           00233     MOVWF EECON2    ;write 0x55 to EECON2
00A6   30AA           00234     MOVLW 0xAA
Message[302]: Register in operand not in bank 0.  Ensure that bank bits are correct.
00A7   008D           00235     MOVWF EECON2    ;write 0xAA to EECON2
Message[302]: Register in operand not in bank 0.  Ensure that bank bits are correct.
00A8   148C           00236     BSF EECON1,WR   ;begin write
                      00237     
Message[302]: Register in operand not in bank 0.  Ensure that bank bits are correct.
00A9   188C           00238     BTFSC EECON1,WR ;check for end of write
00AA   2???           00239     GOTO $-1        ;loop until clear(Write complete)
Message[302]: Register in operand not in bank 0.  Ensure that bank bits are correct.
00AB   110C           00240     BCF EECON1, WREN;disable writes
                      00241     
                      00242     
                      00243     
                      00244 ;store current address
00AC   1283 1703      00245     BANKSEL EEADR
00AE   30FC           00246     MOVLW .252
Message[302]: Register in operand not in bank 0.  Ensure that bank bits are correct.
00AF   008D           00247     MOVWF EEADR     ;move W into EEADR
00B0   1283 1303      00248     BANKSEL PORTC
00B2   08??           00249     MOVFW CUR_EEADR
00B3   1283 1703      00250     BANKSEL EEDAT
Message[302]: Register in operand not in bank 0.  Ensure that bank bits are correct.
00B5   008C           00251     MOVWF EEDAT     ;move our data into EEDAT
00B6   1683 1703      00252     BANKSEL EECON1
Message[302]: Register in operand not in bank 0.  Ensure that bank bits are correct.
00B8   138C           00253     BCF EECON1, EEPGD;data memory
Message[302]: Register in operand not in bank 0.  Ensure that bank bits are correct.
00B9   150C           00254     BSF EECON1, WREN;enable writes
                      00255     
00BA   3055           00256     MOVLW 0x55
Message[302]: Register in operand not in bank 0.  Ensure that bank bits are correct.
MPASM 5.62                    DATALOGGER.ASM   10-10-2015  21:03:29         PAGE  8


LOC  OBJECT CODE     LINE SOURCE TEXT
  VALUE

00BB   008D           00257     MOVWF EECON2    ;write 0x55 to EECON2
00BC   30AA           00258     MOVLW 0xAA
Message[302]: Register in operand not in bank 0.  Ensure that bank bits are correct.
00BD   008D           00259     MOVWF EECON2    ;write 0xAA to EECON2
Message[302]: Register in operand not in bank 0.  Ensure that bank bits are correct.
00BE   148C           00260     BSF EECON1,WR   ;begin write
                      00261     
Message[302]: Register in operand not in bank 0.  Ensure that bank bits are correct.
00BF   188C           00262     BTFSC EECON1,WR ;check for end of write
00C0   2???           00263     GOTO $-1        ;loop until clear(Write complete)
Message[302]: Register in operand not in bank 0.  Ensure that bank bits are correct.
00C1   110C           00264     BCF EECON1, WREN;disable writes
                      00265  
                      00266 
                      00267     
                      00268 ;store number of entries
00C2   1283 1703      00269     BANKSEL EEADR
00C4   30FD           00270     MOVLW .253
Message[302]: Register in operand not in bank 0.  Ensure that bank bits are correct.
00C5   008D           00271     MOVWF EEADR     ;move W into EEADR
00C6   1283 1303      00272     BANKSEL PORTC
00C8   08??           00273     MOVFW LOG_COUNT
00C9   1283 1703      00274     BANKSEL EEDAT
Message[302]: Register in operand not in bank 0.  Ensure that bank bits are correct.
00CB   008C           00275     MOVWF EEDAT     ;move our data into EEDAT
00CC   1683 1703      00276     BANKSEL EECON1
Message[302]: Register in operand not in bank 0.  Ensure that bank bits are correct.
00CE   138C           00277     BCF EECON1, EEPGD;data memory
Message[302]: Register in operand not in bank 0.  Ensure that bank bits are correct.
00CF   150C           00278     BSF EECON1, WREN;enable writes
                      00279     
00D0   3055           00280     MOVLW 0x55
Message[302]: Register in operand not in bank 0.  Ensure that bank bits are correct.
00D1   008D           00281     MOVWF EECON2    ;write 0x55 to EECON2
00D2   30AA           00282     MOVLW 0xAA
Message[302]: Register in operand not in bank 0.  Ensure that bank bits are correct.
00D3   008D           00283     MOVWF EECON2    ;write 0xAA to EECON2
Message[302]: Register in operand not in bank 0.  Ensure that bank bits are correct.
00D4   148C           00284     BSF EECON1,WR   ;begin write
                      00285     
Message[302]: Register in operand not in bank 0.  Ensure that bank bits are correct.
00D5   188C           00286     BTFSC EECON1,WR ;check for end of write
00D6   2???           00287     GOTO $-1        ;loop until clear(Write complete)
Message[302]: Register in operand not in bank 0.  Ensure that bank bits are correct.
00D7   110C           00288     BCF EECON1, WREN;disable writes
00D8   1283 1303      00289     BANKSEL 0x00    ;move back to bank0
                      00290     
00DA   178B           00291     BSF INTCON, GIE ;disable interrupts
00DB   0008           00292     RETURN
                      00293 ;###END#OF#CALL###
                      00294     
                      00295 ;*******************************************************************************
                      00296 ; sample data - covers data sampling, and display updating if required 
MPASM 5.62                    DATALOGGER.ASM   10-10-2015  21:03:29         PAGE  9


LOC  OBJECT CODE     LINE SOURCE TEXT
  VALUE

                      00297 ;*******************************************************************************
00DC                  00298 sampledata
                      00299     
                      00300 ;--------------------------------
                      00301 ;sample temperature
                      00302 ;--------------------------------
00DC   1283 1303      00303     BANKSEL ADCON0
00DE   3091           00304     MOVLW b'10010001'                   ;right justify
00DF   009F           00305     MOVWF ADCON0                        ;Vdd,AN4, on
                      00306 
                      00307     ;6uS delay
00E0   0000           00308     nop
00E1   0000           00309     nop
00E2   0000           00310     nop
00E3   0000           00311     nop
00E4   0000           00312     nop
00E5   0000           00313     nop
                      00314     
00E6   149F           00315     BSF ADCON0,GO       ;start conversion
00E7   189F           00316     BTFSC ADCON0,GO     ;are we done the conversion?
00E8   2???           00317     GOTO $-1            ;try again if not
                      00318 
00E9   1003           00319     BCF STATUS,C
00EA   1683 1303      00320     BANKSEL ADRESL
Message[302]: Register in operand not in bank 0.  Ensure that bank bits are correct.
00EC   0A9E           00321     INCF ADRESL,F       ;divide by 2, rounding up
Message[302]: Register in operand not in bank 0.  Ensure that bank bits are correct.
00ED   0C1E           00322     RRF ADRESL,W        ;conversion based on Vcc being about 5V
00EE   1283 1303      00323     BANKSEL PORTC
00F0   00??           00324     MOVWF CUR_TEMPERATURE   ;stored for saving to eeprom later (and for displaying)
                      00325 
                      00326 ;--------------------------------
                      00327 ;sample humidity
                      00328 ;--------------------------------
                      00329     ;humidity is a vaguely linear value, ranging from 1V(30%) to 3V(90%)
                      00330     ;for every 10% there is 0.33V so 1% is 33mV.
                      00331     ;thus we require ADC conversions to have minimum step of at most 33mV (preferably half this)
                      00332     ;desirable step size = 16mv per step.
                      00333     
                      00334 ;--------------------------------
                      00335 ;obtain time
                      00336 ;--------------------------------    
                      00337     ;get time via i2c from the RTC (and go nuts with glee if it works)
                      00338     
                      00339     
00F1   0008           00340     RETURN
                      00341 ;###END#OF#CALL###
                      00342     
                      00343 ;*******************************************************************************
                      00344 ; LCD write function - writes data in LCD_BUFFER to the LCD 
                      00345 ;*******************************************************************************
00F2                  00346 lcd.write
                      00347     
MPASM 5.62                    DATALOGGER.ASM   10-10-2015  21:03:29         PAGE 10


LOC  OBJECT CODE     LINE SOURCE TEXT
  VALUE

                      00348     ;|||||||||||||||||||||||||||||||||||
                      00349     ;put in check here to read busy flag
                      00350     ;|||||||||||||||||||||||||||||||||||
                      00351     
00F2   1606           00352     BSF PORTB,4     ;select transfer display data
00F3   08??           00353     MOVFW LCD_BUFFER
00F4   0087           00354     MOVWF PORTC     ;output data to LCD
00F5   1706           00355     BSF PORTB,6     ;toggle enable on
00F6   0000           00356     nop             ;delay so LCD can read in the values
00F7   1386           00357     BCF PORTB,7     ;toggle enable off
                      00358     
00F8   0008           00359     RETURN
                      00360 ;###END#OF#CALL###
3FF7                  00361     END
MPASM 5.62                    DATALOGGER.ASM   10-10-2015  21:03:29         PAGE 11


SYMBOL TABLE
  LABEL                             VALUE 

ABDEN                             00000000
ABDOVF                            00000007
ADCON0                            0000001F
ADCON1                            0000009F
ADCS0                             00000004
ADCS1                             00000005
ADCS2                             00000006
ADDEN                             00000003
ADFM                              00000007
ADIE                              00000006
ADIF                              00000006
ADON                              00000000
ADRESH                            0000001E
ADRESL                            0000009E
ANS0                              00000000
ANS1                              00000001
ANS10                             00000002
ANS11                             00000003
ANS2                              00000002
ANS3                              00000003
ANS4                              00000004
ANS5                              00000005
ANS6                              00000006
ANS7                              00000007
ANS8                              00000000
ANS9                              00000001
ANSEL                             0000011E
ANSELH                            0000011F
BAUDCTL                           0000009B
BF                                00000000
BRG0                              00000000
BRG1                              00000001
BRG10                             00000002
BRG11                             00000003
BRG12                             00000004
BRG13                             00000005
BRG14                             00000006
BRG15                             00000007
BRG16                             00000003
BRG2                              00000002
BRG3                              00000003
BRG4                              00000004
BRG5                              00000005
BRG6                              00000006
BRG7                              00000007
BRG8                              00000000
BRG9                              00000001
BRGH                              00000002
C                                 00000000
C1CH0                             00000000
C1CH1                             00000001
C1IE                              00000005
C1IF                              00000005
MPASM 5.62                    DATALOGGER.ASM   10-10-2015  21:03:29         PAGE 12


SYMBOL TABLE
  LABEL                             VALUE 

C1OE                              00000005
C1ON                              00000007
C1OUT                             00000006
C1POL                             00000004
C1R                               00000002
C1SEN                             00000005
C1VREN                            00000007
C2CH0                             00000000
C2CH1                             00000001
C2IE                              00000006
C2IF                              00000006
C2OE                              00000005
C2ON                              00000007
C2OUT                             00000006
C2POL                             00000004
C2R                               00000002
C2REN                             00000004
C2SYNC                            00000000
C2VREN                            00000006
CCP1CON                           00000017
CCP1IE                            00000002
CCP1IF                            00000002
CCP1M0                            00000000
CCP1M1                            00000001
CCP1M2                            00000002
CCP1M3                            00000003
CCPR                              00000015
CCPR1H                            00000016
CCPR1L                            00000015
CHS0                              00000002
CHS1                              00000003
CHS2                              00000004
CHS3                              00000005
CKE                               00000006
CKP                               00000004
CM1CON0                           00000119
CM2CON0                           0000011A
CM2CON1                           0000011B
CREN                              00000004
CSRC                              00000007
CUR_EEADR                         00000000
CUR_HUMIDITY                      00000002
CUR_TEMPERATURE                   00000001
CUR_TIME_H                        00000004
CUR_TIME_L                        00000003
D                                 00000005
D1                                00000008
D2                                00000009
DATA_ADDRESS                      00000005
DC                                00000001
DC1B0                             00000004
DC1B1                             00000005
D_A                               00000005
MPASM 5.62                    DATALOGGER.ASM   10-10-2015  21:03:29         PAGE 13


SYMBOL TABLE
  LABEL                             VALUE 

D_NOT_A                           00000005
ECCPAS                            0000001D
ECCPAS0                           00000004
ECCPAS1                           00000005
ECCPAS2                           00000006
ECCPASE                           00000007
EEADR                             0000010D
EEADRH                            0000010F
EECON1                            0000018C
EECON2                            0000018D
EEDAT                             0000010C
EEDATA                            0000010C
EEDATH                            0000010E
EEIE                              00000004
EEIF                              00000004
EEPGD                             00000007
F                                 00000001
FERR                              00000002
FSR                               00000004
GIE                               00000007
GO                                00000001
GO_DONE                           00000001
GO_NOT_DONE                       00000001
HTS                               00000002
I2C_DATA                          00000005
I2C_READ                          00000002
I2C_START                         00000003
I2C_STOP                          00000004
INDF                              00000000
INTCON                            0000000B
INTE                              00000004
INTEDG                            00000006
INTF                              00000001
IOC                               00000096
IOC0                              00000000
IOC1                              00000001
IOC2                              00000002
IOC3                              00000003
IOC4                              00000004
IOC5                              00000005
IOCA                              00000096
IOCA0                             00000000
IOCA1                             00000001
IOCA2                             00000002
IOCA3                             00000003
IOCA4                             00000004
IOCA5                             00000005
IOCB                              00000116
IOCB4                             00000004
IOCB5                             00000005
IOCB6                             00000006
IOCB7                             00000007
IRCF0                             00000004
MPASM 5.62                    DATALOGGER.ASM   10-10-2015  21:03:29         PAGE 14


SYMBOL TABLE
  LABEL                             VALUE 

IRCF1                             00000005
IRCF2                             00000006
IRP                               00000007
LCD_BUFFER                        00000007
LOG_COUNT                         00000005
LTS                               00000001
MC1OUT                            00000007
MC2OUT                            00000006
MSK                               00000093
MSK0                              00000000
MSK1                              00000001
MSK2                              00000002
MSK3                              00000003
MSK4                              00000004
MSK5                              00000005
MSK6                              00000006
MSK7                              00000007
NOT_A                             00000005
NOT_ADDRESS                       00000005
NOT_BOR                           00000000
NOT_DONE                          00000001
NOT_PD                            00000003
NOT_POR                           00000001
NOT_RABPU                         00000007
NOT_T1SYNC                        00000002
NOT_TO                            00000004
NOT_W                             00000002
NOT_WRITE                         00000002
OERR                              00000001
OPTION_REG                        00000081
OSCCON                            0000008F
OSCTUNE                           00000090
OSFIE                             00000007
OSFIF                             00000007
OSTS                              00000003
P                                 00000004
P1M0                              00000006
P1M1                              00000007
PCL                               00000002
PCLATH                            0000000A
PCON                              0000008E
PDC0                              00000000
PDC1                              00000001
PDC2                              00000002
PDC3                              00000003
PDC4                              00000004
PDC5                              00000005
PDC6                              00000006
PEIE                              00000006
PIE1                              0000008C
PIE2                              0000008D
PIR1                              0000000C
PIR2                              0000000D
MPASM 5.62                    DATALOGGER.ASM   10-10-2015  21:03:29         PAGE 15


SYMBOL TABLE
  LABEL                             VALUE 

PORTA                             00000005
PORTB                             00000006
PORTC                             00000007
PR2                               00000092
PRSEN                             00000007
PS0                               00000000
PS1                               00000001
PS2                               00000002
PSA                               00000003
PSSAC0                            00000002
PSSAC1                            00000003
PSSBD0                            00000000
PSSBD1                            00000001
PSTRCON                           0000019D
PULSR                             00000002
PULSS                             00000003
PWM1CON                           0000001C
R                                 00000002
RA0                               00000000
RA1                               00000001
RA2                               00000002
RA3                               00000003
RA4                               00000004
RA5                               00000005
RABIE                             00000003
RABIF                             00000000
RB4                               00000004
RB5                               00000005
RB6                               00000006
RB7                               00000007
RC0                               00000000
RC1                               00000001
RC2                               00000002
RC3                               00000003
RC4                               00000004
RC5                               00000005
RC6                               00000006
RC7                               00000007
RCIDL                             00000006
RCIE                              00000005
RCIF                              00000005
RCREG                             0000001A
RCSTA                             00000018
RD                                00000000
READ_WRITE                        00000002
RP0                               00000005
RP1                               00000006
RX9                               00000006
RX9D                              00000000
R_NOT_W                           00000002
R_W                               00000002
S                                 00000003
SBOREN                            00000004
MPASM 5.62                    DATALOGGER.ASM   10-10-2015  21:03:29         PAGE 16


SYMBOL TABLE
  LABEL                             VALUE 

SCKP                              00000004
SCS                               00000000
SENB                              00000003
SENDB                             00000003
SETUP                             00000000
SMP                               00000007
SPBRG                             00000099
SPBRGH                            0000009A
SPEN                              00000007
SR0                               00000006
SR1                               00000007
SRCON                             0000019E
SREN                              00000005
SSPADD                            00000093
SSPBUF                            00000013
SSPCON                            00000014
SSPEN                             00000005
SSPIE                             00000003
SSPIF                             00000003
SSPM0                             00000000
SSPM1                             00000001
SSPM2                             00000002
SSPM3                             00000003
SSPMSK                            00000093
SSPOV                             00000006
SSPSTAT                           00000094
START                             0000003F
STATE                             00000006
STATUS                            00000003
STRA                              00000000
STRB                              00000001
STRC                              00000002
STRD                              00000003
STRSYNC                           00000004
SWDTEN                            00000000
SYNC                              00000004
T0CS                              00000005
T0IE                              00000005
T0IF                              00000002
T0SE                              00000004
T1CKPS0                           00000004
T1CKPS1                           00000005
T1CON                             00000010
T1GINV                            00000007
T1GSS                             00000001
T1IE                              00000000
T1IF                              00000000
T1OSCEN                           00000003
T2CKPS0                           00000000
T2CKPS1                           00000001
T2CON                             00000012
T2IE                              00000001
T2IF                              00000001
MPASM 5.62                    DATALOGGER.ASM   10-10-2015  21:03:29         PAGE 17


SYMBOL TABLE
  LABEL                             VALUE 

TMR0                              00000001
TMR1                              0000000E
TMR1CS                            00000001
TMR1GE                            00000006
TMR1H                             0000000F
TMR1IE                            00000000
TMR1IF                            00000000
TMR1L                             0000000E
TMR1ON                            00000000
TMR2                              00000011
TMR2IE                            00000001
TMR2IF                            00000001
TMR2ON                            00000002
TOUTPS0                           00000003
TOUTPS1                           00000004
TOUTPS2                           00000005
TOUTPS3                           00000006
TRISA                             00000085
TRISA0                            00000000
TRISA1                            00000001
TRISA2                            00000002
TRISA3                            00000003
TRISA4                            00000004
TRISA5                            00000005
TRISB                             00000086
TRISB4                            00000004
TRISB5                            00000005
TRISB6                            00000006
TRISB7                            00000007
TRISC                             00000087
TRISC0                            00000000
TRISC1                            00000001
TRISC2                            00000002
TRISC3                            00000003
TRISC4                            00000004
TRISC5                            00000005
TRISC6                            00000006
TRISC7                            00000007
TRMT                              00000001
TUN0                              00000000
TUN1                              00000001
TUN2                              00000002
TUN3                              00000003
TUN4                              00000004
TX9                               00000006
TX9D                              00000000
TXEN                              00000005
TXIE                              00000004
TXIF                              00000004
TXREG                             00000019
TXSTA                             00000098
UA                                00000001
ULPWUE                            00000005
MPASM 5.62                    DATALOGGER.ASM   10-10-2015  21:03:29         PAGE 18


SYMBOL TABLE
  LABEL                             VALUE 

VCFG                              00000006
VP6EN                             00000004
VR0                               00000000
VR1                               00000001
VR2                               00000002
VR3                               00000003
VRCON                             00000118
VRR                               00000005
W                                 00000000
WCOL                              00000007
WDTCON                            00000097
WDTPS0                            00000001
WDTPS1                            00000002
WDTPS2                            00000003
WDTPS3                            00000004
WPU                               00000095
WPU0                              00000000
WPU1                              00000001
WPU2                              00000002
WPU4                              00000004
WPU5                              00000005
WPUA                              00000095
WPUA0                             00000000
WPUA1                             00000001
WPUA2                             00000002
WPUA4                             00000004
WPUA5                             00000005
WPUB                              00000115
WPUB4                             00000004
WPUB5                             00000005
WPUB6                             00000006
WPUB7                             00000007
WR                                00000001
WREN                              00000002
WRERR                             00000003
WUE                               00000001
Z                                 00000002
_BOD_NSLEEP                       00003EFF
_BOD_OFF                          00003CFF
_BOD_ON                           00003FFF
_BOD_SBODEN                       00003DFF
_BOREN_NSLEEP                     00003EFF
_BOREN_OFF                        00003CFF
_BOREN_ON                         00003FFF
_BOREN_SBODEN                     00003DFF
_BOR_NSLEEP                       00003EFF
_BOR_OFF                          00003CFF
_BOR_ON                           00003FFF
_BOR_SBODEN                       00003DFF
_CONFIG                           00002007
_CPD_OFF                          00003FFF
_CPD_ON                           00003F7F
_CP_OFF                           00003FFF
MPASM 5.62                    DATALOGGER.ASM   10-10-2015  21:03:29         PAGE 19


SYMBOL TABLE
  LABEL                             VALUE 

_CP_ON                            00003FBF
_DEVID1                           00002006
_EC_OSC                           00003FFB
_EXTRC                            00003FFF
_EXTRCIO                          00003FFE
_EXTRC_OSC_CLKOUT                 00003FFF
_EXTRC_OSC_NOCLKOUT               00003FFE
_FCMEN_OFF                        000037FF
_FCMEN_ON                         00003FFF
_FOSC_EC                          00003FFB
_FOSC_EXTRCCLK                    00003FFF
_FOSC_EXTRCIO                     00003FFE
_FOSC_HS                          00003FFA
_FOSC_INTRCCLK                    00003FFD
_FOSC_INTRCIO                     00003FFC
_FOSC_LP                          00003FF8
_FOSC_XT                          00003FF9
_HS_OSC                           00003FFA
_IDLOC0                           00002000
_IDLOC1                           00002001
_IDLOC2                           00002002
_IDLOC3                           00002003
_IESO_OFF                         00003BFF
_IESO_ON                          00003FFF
_INTOSC                           00003FFD
_INTOSCIO                         00003FFC
_INTRC_OSC_CLKOUT                 00003FFD
_INTRC_OSC_NOCLKOUT               00003FFC
_LP_OSC                           00003FF8
_MAIN_PROG_0006                   00000006
_MAIN_PROG_0008                   00000008
_MAIN_PROG_000E                   0000000E
_MAIN_PROG_0010                   00000010
_MAIN_PROG_0016                   00000016
_MAIN_PROG_0018                   00000018
_MAIN_PROG_001E                   0000001E
_MAIN_PROG_0020                   00000020
_MAIN_PROG_0026                   00000026
_MAIN_PROG_0028                   00000028
_MAIN_PROG_005F                   0000005F
_MAIN_PROG_0078                   00000078
_MAIN_PROG_0091                   00000091
_MAIN_PROG_00AA                   000000AA
_MAIN_PROG_00C0                   000000C0
_MAIN_PROG_00D6                   000000D6
_MAIN_PROG_00E8                   000000E8
_MCLRE_OFF                        00003FDF
_MCLRE_ON                         00003FFF
_PWRTE_OFF                        00003FFF
_PWRTE_ON                         00003FEF
_WDTE_OFF                         00003FF7
_WDTE_ON                          00003FFF
_WDT_OFF                          00003FF7
MPASM 5.62                    DATALOGGER.ASM   10-10-2015  21:03:29         PAGE 20


SYMBOL TABLE
  LABEL                             VALUE 

_WDT_ON                           00003FFF
_XT_OSC                           00003FF9
__16F690                          00000001
__DEBUG                           
__MPLAB_DEBUGGER_SIMULATOR        1
delay_10_ms                       
eeprom.write                      00000043
lcd.write                         000000F2
sampledata                        000000DC

Errors   :     0
Warnings :     0 reported,     0 suppressed
Messages :    59 reported,     0 suppressed

